C:\Program Files (x86)\Microsoft Visual Studio\2017\Community\Common7\IDE\VC\VCTargets\Microsoft.CppBuild.targets(391,5): warning MSB8028: The intermediate directory (x64\Release\) contains files shared from another project (Attacking.vcxproj, Refactoring AS.vcxproj, Test-Refactored AS.vcxproj, TESTER.vcxproj).  This can lead to incorrect clean and rebuild behavior.
  MainMenu.cpp
e:\angry-spartan-function-implementation\tester - abir\attacking\mainmenu.cpp(126): warning C4244: 'argument': conversion from 'T' to 'T', possible loss of data
          with
          [
              T=int
          ]
          and
          [
              T=float
          ]
e:\angry-spartan-function-implementation\tester - abir\attacking\mainmenu.cpp(137): warning C4244: 'argument': conversion from 'T' to 'T', possible loss of data
          with
          [
              T=int
          ]
          and
          [
              T=float
          ]
e:\angry-spartan-function-implementation\tester - abir\attacking\mainmenu.cpp(148): warning C4244: 'argument': conversion from 'T' to 'T', possible loss of data
          with
          [
              T=int
          ]
          and
          [
              T=float
          ]
  Attacking.vcxproj -> E:\Angry-Spartan-Function-Implementation\TESTER - abir\x64\Release\TESTER-working directory.exe
